[2017-04-11 10:54:43.618] [INFO] resLogger - 
*************** response log start ***************
request method: GET
request originalUrl:  /api/J1/getJ1List
request client ip:  ::1
request query:  {}
response time: 5
response status: 200
response body: 
{"code":0,"message":"success","data":{"models":[{"text":"我的账户","detailText":"欢迎进入=>我的账户"},{"text":"我的优惠券","detailText":"欢迎进入=>我的优惠券"},{"text":"收货地址","detailText":"欢迎进入=>收货地址"},{"text":"在线客服","detailText":"欢迎进入=>在线客服"},{"text":"用药提醒","detailText":"欢迎进入=>用药提醒"},{"text":"药查查","detailText":"欢迎进入=>药查查"},{"text":"疾病百科","detailText":"欢迎进入=>疾病百科"},{"text":"药品百科","detailText":"欢迎进入=>药品百科"},{"text":"健一咨询","detailText":"欢迎进入=>健一咨询"},{"text":"帮助中心","detailText":"欢迎进入=>帮助中心"},{"text":"点赞/吐槽","detailText":"欢迎进入=>点赞/吐槽"},{"text":"关于健一","detailText":"欢迎进入=>关于健一"}]}}
*************** response log end ***************

[2017-04-11 10:55:34.885] [INFO] resLogger - 
*************** response log start ***************
request method: GET
request originalUrl:  /api/J1/getJ1List
request client ip:  ::1
request query:  {}
response time: 1
response status: 200
response body: 
{"code":0,"message":"success","data":{"models":[{"text":"我的账户","detailText":"欢迎进入=>我的账户"},{"text":"我的优惠券","detailText":"欢迎进入=>我的优惠券"},{"text":"收货地址","detailText":"欢迎进入=>收货地址"},{"text":"在线客服","detailText":"欢迎进入=>在线客服"},{"text":"用药提醒","detailText":"欢迎进入=>用药提醒"},{"text":"药查查","detailText":"欢迎进入=>药查查"},{"text":"疾病百科","detailText":"欢迎进入=>疾病百科"},{"text":"药品百科","detailText":"欢迎进入=>药品百科"},{"text":"健一咨询","detailText":"欢迎进入=>健一咨询"},{"text":"帮助中心","detailText":"欢迎进入=>帮助中心"},{"text":"点赞/吐槽","detailText":"欢迎进入=>点赞/吐槽"},{"text":"关于健一","detailText":"欢迎进入=>关于健一"}]}}
*************** response log end ***************

[2017-04-11 10:58:15.600] [INFO] resLogger - 
*************** response log start ***************
request method: GET
request originalUrl:  /api/J1/getJ1List
request client ip:  ::1
request query:  {}
response time: 0
response status: 200
response body: 
{"code":0,"message":"success","data":{"models":[{"text":"我的账户","detailText":"欢迎进入=>我的账户"},{"text":"我的优惠券","detailText":"欢迎进入=>我的优惠券"},{"text":"收货地址","detailText":"欢迎进入=>收货地址"},{"text":"在线客服","detailText":"欢迎进入=>在线客服"},{"text":"用药提醒","detailText":"欢迎进入=>用药提醒"},{"text":"药查查","detailText":"欢迎进入=>药查查"},{"text":"疾病百科","detailText":"欢迎进入=>疾病百科"},{"text":"药品百科","detailText":"欢迎进入=>药品百科"},{"text":"健一咨询","detailText":"欢迎进入=>健一咨询"},{"text":"帮助中心","detailText":"欢迎进入=>帮助中心"},{"text":"点赞/吐槽","detailText":"欢迎进入=>点赞/吐槽"},{"text":"关于健一","detailText":"欢迎进入=>关于健一"}]}}
*************** response log end ***************

