[2017-04-10 16:13:22.580] [INFO] resLogger - 
*************** response log start ***************
request method: GET
request originalUrl:  /api/J1/getJ1List
request client ip:  ::1
request query:  {}
response time: 1
response status: 404
response body: 
undefined
*************** response log end ***************

[2017-04-10 16:13:55.413] [INFO] resLogger - 
*************** response log start ***************
request method: GET
request originalUrl:  /api/J1/getJ1List
request client ip:  ::1
request query:  {}
response time: 0
response status: 404
response body: 
undefined
*************** response log end ***************

[2017-04-10 16:13:55.448] [INFO] resLogger - 
*************** response log start ***************
request method: GET
request originalUrl:  /favicon.ico
request client ip:  ::1
request query:  {}
response time: 1
response status: 404
response body: 
undefined
*************** response log end ***************

[2017-04-10 16:14:03.676] [INFO] resLogger - 
*************** response log start ***************
request method: GET
request originalUrl:  /
request client ip:  ::1
request query:  {}
response time: 1710
response status: 200
response body: 
"<!DOCTYPE html><html><head><title>koa2 title</title><link rel=\"stylesheet\" href=\"/stylesheets/style.css\"></head><body><h1>koa2 title</h1><p>Welcome to koa2 title</p></body></html>"
*************** response log end ***************

[2017-04-10 16:14:26.092] [INFO] resLogger - 
*************** response log start ***************
request method: GET
request originalUrl:  /api/J1/getJ1List
request client ip:  ::1
request query:  {}
response time: 0
response status: 404
response body: 
undefined
*************** response log end ***************

[2017-04-10 16:17:27.335] [INFO] resLogger - 
*************** response log start ***************
request method: GET
request originalUrl:  /api/J1/getJ1List
request client ip:  ::1
request query:  {}
response time: 3
response status: 200
response body: 
{"models":[{"text":"我的账户","detailText":"欢迎进入=>我的账户"},{"text":"我的优惠券","detailText":"欢迎进入=>我的优惠券"},{"text":"收货地址","detailText":"欢迎进入=>收货地址"},{"text":"在线客服","detailText":"欢迎进入=>在线客服"},{"text":"用药提醒","detailText":"欢迎进入=>用药提醒"},{"text":"药查查","detailText":"欢迎进入=>药查查"},{"text":"疾病百科","detailText":"欢迎进入=>疾病百科"},{"text":"药品百科","detailText":"欢迎进入=>药品百科"},{"text":"健一咨询","detailText":"欢迎进入=>健一咨询"},{"text":"帮助中心","detailText":"欢迎进入=>帮助中心"},{"text":"点赞/吐槽","detailText":"欢迎进入=>点赞/吐槽"},{"text":"关于健一","detailText":"欢迎进入=>关于健一"}]}
*************** response log end ***************

[2017-04-10 16:25:32.504] [INFO] resLogger - 
*************** response log start ***************
request method: GET
request originalUrl:  /api/J1/getJ1List
request client ip:  ::1
request query:  {}
response time: 2
response status: 200
response body: 
{"code":0,"message":"success"}
*************** response log end ***************

[2017-04-10 16:25:34.620] [INFO] resLogger - 
*************** response log start ***************
request method: GET
request originalUrl:  /api/J1/getJ1List
request client ip:  ::1
request query:  {}
response time: 0
response status: 200
response body: 
{"code":0,"message":"success"}
*************** response log end ***************

[2017-04-10 16:25:36.147] [INFO] resLogger - 
*************** response log start ***************
request method: GET
request originalUrl:  /api/J1/getJ1List
request client ip:  ::1
request query:  {}
response time: 0
response status: 200
response body: 
{"code":0,"message":"success"}
*************** response log end ***************

[2017-04-10 16:25:43.802] [INFO] resLogger - 
*************** response log start ***************
request method: GET
request originalUrl:  /api/J1/getJ1List
request client ip:  ::1
request query:  {}
response time: 0
response status: 200
response body: 
{"code":0,"message":"success"}
*************** response log end ***************

[2017-04-10 16:26:32.770] [INFO] resLogger - 
*************** response log start ***************
request method: GET
request originalUrl:  /api/J1/getJ1List
request client ip:  ::1
request query:  {}
response time: 3
response status: 200
response body: 
{"code":0,"message":"success","data":{"models":[{"text":"我的账户","detailText":"欢迎进入=>我的账户"},{"text":"我的优惠券","detailText":"欢迎进入=>我的优惠券"},{"text":"收货地址","detailText":"欢迎进入=>收货地址"},{"text":"在线客服","detailText":"欢迎进入=>在线客服"},{"text":"用药提醒","detailText":"欢迎进入=>用药提醒"},{"text":"药查查","detailText":"欢迎进入=>药查查"},{"text":"疾病百科","detailText":"欢迎进入=>疾病百科"},{"text":"药品百科","detailText":"欢迎进入=>药品百科"},{"text":"健一咨询","detailText":"欢迎进入=>健一咨询"},{"text":"帮助中心","detailText":"欢迎进入=>帮助中心"},{"text":"点赞/吐槽","detailText":"欢迎进入=>点赞/吐槽"},{"text":"关于健一","detailText":"欢迎进入=>关于健一"}]}}
*************** response log end ***************

