[2017-04-11 16:10:36.984] [INFO] resLogger - 
*************** response log start ***************
request method: GET
request originalUrl:  /api/J1/getJ1List
request client ip:  ::1
request query:  {}
response time: 1
response status: 200
response body: 
{"code":0,"message":"success","data":{"models":[{"text":"我的账户","detailText":"欢迎进入=>我的账户","imageUrl":"http://localhost:3002/images/J1/我的账户@2x.png"},{"text":"我的优惠券","detailText":"欢迎进入=>我的优惠券","imageUrl":"http://localhost:3002/images/J1/我的优惠券@2x.png"},{"text":"收货地址","detailText":"欢迎进入=>收货地址","imageUrl":"http://localhost:3002/images/J1/收货地址@2x.png"},{"text":"在线客服","detailText":"欢迎进入=>在线客服","imageUrl":"http://localhost:3002/images/J1/在线客服@2x.png"},{"text":"用药提醒","detailText":"欢迎进入=>用药提醒","imageUrl":"http://localhost:3002/images/J1/用药提醒@2x.png"},{"text":"药查查","detailText":"欢迎进入=>药查查","imageUrl":"http://localhost:3002/images/J1/药查查@2x.png"},{"text":"疾病百科","detailText":"欢迎进入=>疾病百科","imageUrl":"http://localhost:3002/images/J1/疾病百科@2x.png"},{"text":"药品百科","detailText":"欢迎进入=>药品百科","imageUrl":"http://localhost:3002/images/J1/药品百科@2x.png"},{"text":"健一咨询","detailText":"欢迎进入=>健一咨询","imageUrl":"http://localhost:3002/images/J1/健一咨询@2x.png"},{"text":"帮助中心","detailText":"欢迎进入=>帮助中心","imageUrl":"http://localhost:3002/images/J1/帮助中心@2x.png"},{"text":"点赞/吐槽","detailText":"欢迎进入=>点赞/吐槽","imageUrl":"http://localhost:3002/images/J1/点赞:吐槽@2x.png"},{"text":"关于健一","detailText":"欢迎进入=>关于健一","imageUrl":"http://localhost:3002/images/J1/关于健一@2x.png"}]}}
*************** response log end ***************

[2017-04-11 16:16:54.607] [INFO] resLogger - 
*************** response log start ***************
request method: GET
request originalUrl:  /api/J1/getJ1List
request client ip:  ::1
request query:  {}
response time: 0
response status: 200
response body: 
{"code":0,"message":"success","data":{"models":[{"text":"我的账户","detailText":"欢迎进入=>我的账户","imageUrl":"http://localhost:3002/images/J1/我的账户@2x.png"},{"text":"我的优惠券","detailText":"欢迎进入=>我的优惠券","imageUrl":"http://localhost:3002/images/J1/我的优惠券@2x.png"},{"text":"收货地址","detailText":"欢迎进入=>收货地址","imageUrl":"http://localhost:3002/images/J1/收货地址@2x.png"},{"text":"在线客服","detailText":"欢迎进入=>在线客服","imageUrl":"http://localhost:3002/images/J1/在线客服@2x.png"},{"text":"用药提醒","detailText":"欢迎进入=>用药提醒","imageUrl":"http://localhost:3002/images/J1/用药提醒@2x.png"},{"text":"药查查","detailText":"欢迎进入=>药查查","imageUrl":"http://localhost:3002/images/J1/药查查@2x.png"},{"text":"疾病百科","detailText":"欢迎进入=>疾病百科","imageUrl":"http://localhost:3002/images/J1/疾病百科@2x.png"},{"text":"药品百科","detailText":"欢迎进入=>药品百科","imageUrl":"http://localhost:3002/images/J1/药品百科@2x.png"},{"text":"健一咨询","detailText":"欢迎进入=>健一咨询","imageUrl":"http://localhost:3002/images/J1/健一咨询@2x.png"},{"text":"帮助中心","detailText":"欢迎进入=>帮助中心","imageUrl":"http://localhost:3002/images/J1/帮助中心@2x.png"},{"text":"点赞/吐槽","detailText":"欢迎进入=>点赞/吐槽","imageUrl":"http://localhost:3002/images/J1/点赞:吐槽@2x.png"},{"text":"关于健一","detailText":"欢迎进入=>关于健一","imageUrl":"http://localhost:3002/images/J1/关于健一@2x.png"}]}}
*************** response log end ***************

[2017-04-11 16:54:02.924] [INFO] resLogger - 
*************** response log start ***************
request method: GET
request originalUrl:  /api/mvvm/getMvvmData
request client ip:  ::1
request query:  {}
response time: 1
response status: 200
response body: 
{"code":0,"message":"success"}
*************** response log end ***************

[2017-04-11 16:54:37.927] [INFO] resLogger - 
*************** response log start ***************
request method: GET
request originalUrl:  /api/mvvm/getMvvmData
request client ip:  ::1
request query:  {}
response time: 0
response status: 200
response body: 
{"code":0,"message":"success"}
*************** response log end ***************

[2017-04-11 16:54:53.096] [INFO] resLogger - 
*************** response log start ***************
request method: GET
request originalUrl:  /api/mvvm/getMvvmData
request client ip:  ::1
request query:  {}
response time: 0
response status: 200
response body: 
{"code":0,"message":"success"}
*************** response log end ***************

[2017-04-11 16:55:11.428] [INFO] resLogger - 
*************** response log start ***************
request method: GET
request originalUrl:  /api/mvvm/getMvvmData
request client ip:  ::1
request query:  {}
response time: 0
response status: 200
response body: 
{"code":0,"message":"success"}
*************** response log end ***************

[2017-04-11 16:55:30.441] [INFO] resLogger - 
*************** response log start ***************
request method: GET
request originalUrl:  /api/mvvm/getMvvmData
request client ip:  ::1
request query:  {}
response time: 0
response status: 200
response body: 
{"code":0,"message":"success"}
*************** response log end ***************

[2017-04-11 16:55:30.760] [INFO] resLogger - 
*************** response log start ***************
request method: GET
request originalUrl:  /api/mvvm/getMvvmData
request client ip:  ::1
request query:  {}
response time: 1
response status: 200
response body: 
{"code":0,"message":"success"}
*************** response log end ***************

[2017-04-11 16:55:36.949] [INFO] resLogger - 
*************** response log start ***************
request method: GET
request originalUrl:  /api/mvvm/getMvvmData
request client ip:  ::1
request query:  {}
response time: 0
response status: 200
response body: 
{"code":0,"message":"success"}
*************** response log end ***************

[2017-04-11 16:56:20.430] [INFO] resLogger - 
*************** response log start ***************
request method: GET
request originalUrl:  /api/J1/getJ1List
request client ip:  ::1
request query:  {}
response time: 1
response status: 200
response body: 
{"code":0,"message":"success","data":{"models":[{"text":"我的账户","detailText":"欢迎进入=>我的账户","imageUrl":"http://localhost:3002/images/J1/我的账户@2x.png"},{"text":"我的优惠券","detailText":"欢迎进入=>我的优惠券","imageUrl":"http://localhost:3002/images/J1/我的优惠券@2x.png"},{"text":"收货地址","detailText":"欢迎进入=>收货地址","imageUrl":"http://localhost:3002/images/J1/收货地址@2x.png"},{"text":"在线客服","detailText":"欢迎进入=>在线客服","imageUrl":"http://localhost:3002/images/J1/在线客服@2x.png"},{"text":"用药提醒","detailText":"欢迎进入=>用药提醒","imageUrl":"http://localhost:3002/images/J1/用药提醒@2x.png"},{"text":"药查查","detailText":"欢迎进入=>药查查","imageUrl":"http://localhost:3002/images/J1/药查查@2x.png"},{"text":"疾病百科","detailText":"欢迎进入=>疾病百科","imageUrl":"http://localhost:3002/images/J1/疾病百科@2x.png"},{"text":"药品百科","detailText":"欢迎进入=>药品百科","imageUrl":"http://localhost:3002/images/J1/药品百科@2x.png"},{"text":"健一咨询","detailText":"欢迎进入=>健一咨询","imageUrl":"http://localhost:3002/images/J1/健一咨询@2x.png"},{"text":"帮助中心","detailText":"欢迎进入=>帮助中心","imageUrl":"http://localhost:3002/images/J1/帮助中心@2x.png"},{"text":"点赞/吐槽","detailText":"欢迎进入=>点赞/吐槽","imageUrl":"http://localhost:3002/images/J1/点赞:吐槽@2x.png"},{"text":"关于健一","detailText":"欢迎进入=>关于健一","imageUrl":"http://localhost:3002/images/J1/关于健一@2x.png"}]}}
*************** response log end ***************

[2017-04-11 16:56:31.610] [INFO] resLogger - 
*************** response log start ***************
request method: GET
request originalUrl:  /api/J1/getJ1List
request client ip:  ::1
request query:  {}
response time: 1
response status: 200
response body: 
{"code":0,"message":"success","data":{"models":[{"text":"我的账户","detailText":"欢迎进入=>我的账户","imageUrl":"http://localhost:3002/images/J1/我的账户@2x.png"},{"text":"我的优惠券","detailText":"欢迎进入=>我的优惠券","imageUrl":"http://localhost:3002/images/J1/我的优惠券@2x.png"},{"text":"收货地址","detailText":"欢迎进入=>收货地址","imageUrl":"http://localhost:3002/images/J1/收货地址@2x.png"},{"text":"在线客服","detailText":"欢迎进入=>在线客服","imageUrl":"http://localhost:3002/images/J1/在线客服@2x.png"},{"text":"用药提醒","detailText":"欢迎进入=>用药提醒","imageUrl":"http://localhost:3002/images/J1/用药提醒@2x.png"},{"text":"药查查","detailText":"欢迎进入=>药查查","imageUrl":"http://localhost:3002/images/J1/药查查@2x.png"},{"text":"疾病百科","detailText":"欢迎进入=>疾病百科","imageUrl":"http://localhost:3002/images/J1/疾病百科@2x.png"},{"text":"药品百科","detailText":"欢迎进入=>药品百科","imageUrl":"http://localhost:3002/images/J1/药品百科@2x.png"},{"text":"健一咨询","detailText":"欢迎进入=>健一咨询","imageUrl":"http://localhost:3002/images/J1/健一咨询@2x.png"},{"text":"帮助中心","detailText":"欢迎进入=>帮助中心","imageUrl":"http://localhost:3002/images/J1/帮助中心@2x.png"},{"text":"点赞/吐槽","detailText":"欢迎进入=>点赞/吐槽","imageUrl":"http://localhost:3002/images/J1/点赞:吐槽@2x.png"},{"text":"关于健一","detailText":"欢迎进入=>关于健一","imageUrl":"http://localhost:3002/images/J1/关于健一@2x.png"}]}}
*************** response log end ***************

[2017-04-11 16:56:33.715] [INFO] resLogger - 
*************** response log start ***************
request method: GET
request originalUrl:  /api/J1/getJ1List
request client ip:  ::1
request query:  {}
response time: 1
response status: 200
response body: 
{"code":0,"message":"success","data":{"models":[{"text":"我的账户","detailText":"欢迎进入=>我的账户","imageUrl":"http://localhost:3002/images/J1/我的账户@2x.png"},{"text":"我的优惠券","detailText":"欢迎进入=>我的优惠券","imageUrl":"http://localhost:3002/images/J1/我的优惠券@2x.png"},{"text":"收货地址","detailText":"欢迎进入=>收货地址","imageUrl":"http://localhost:3002/images/J1/收货地址@2x.png"},{"text":"在线客服","detailText":"欢迎进入=>在线客服","imageUrl":"http://localhost:3002/images/J1/在线客服@2x.png"},{"text":"用药提醒","detailText":"欢迎进入=>用药提醒","imageUrl":"http://localhost:3002/images/J1/用药提醒@2x.png"},{"text":"药查查","detailText":"欢迎进入=>药查查","imageUrl":"http://localhost:3002/images/J1/药查查@2x.png"},{"text":"疾病百科","detailText":"欢迎进入=>疾病百科","imageUrl":"http://localhost:3002/images/J1/疾病百科@2x.png"},{"text":"药品百科","detailText":"欢迎进入=>药品百科","imageUrl":"http://localhost:3002/images/J1/药品百科@2x.png"},{"text":"健一咨询","detailText":"欢迎进入=>健一咨询","imageUrl":"http://localhost:3002/images/J1/健一咨询@2x.png"},{"text":"帮助中心","detailText":"欢迎进入=>帮助中心","imageUrl":"http://localhost:3002/images/J1/帮助中心@2x.png"},{"text":"点赞/吐槽","detailText":"欢迎进入=>点赞/吐槽","imageUrl":"http://localhost:3002/images/J1/点赞:吐槽@2x.png"},{"text":"关于健一","detailText":"欢迎进入=>关于健一","imageUrl":"http://localhost:3002/images/J1/关于健一@2x.png"}]}}
*************** response log end ***************

[2017-04-11 16:56:36.736] [INFO] resLogger - 
*************** response log start ***************
request method: GET
request originalUrl:  /api/J1/getJ1List
request client ip:  ::1
request query:  {}
response time: 1
response status: 200
response body: 
{"code":0,"message":"success","data":{"models":[{"text":"我的账户","detailText":"欢迎进入=>我的账户","imageUrl":"http://localhost:3002/images/J1/我的账户@2x.png"},{"text":"我的优惠券","detailText":"欢迎进入=>我的优惠券","imageUrl":"http://localhost:3002/images/J1/我的优惠券@2x.png"},{"text":"收货地址","detailText":"欢迎进入=>收货地址","imageUrl":"http://localhost:3002/images/J1/收货地址@2x.png"},{"text":"在线客服","detailText":"欢迎进入=>在线客服","imageUrl":"http://localhost:3002/images/J1/在线客服@2x.png"},{"text":"用药提醒","detailText":"欢迎进入=>用药提醒","imageUrl":"http://localhost:3002/images/J1/用药提醒@2x.png"},{"text":"药查查","detailText":"欢迎进入=>药查查","imageUrl":"http://localhost:3002/images/J1/药查查@2x.png"},{"text":"疾病百科","detailText":"欢迎进入=>疾病百科","imageUrl":"http://localhost:3002/images/J1/疾病百科@2x.png"},{"text":"药品百科","detailText":"欢迎进入=>药品百科","imageUrl":"http://localhost:3002/images/J1/药品百科@2x.png"},{"text":"健一咨询","detailText":"欢迎进入=>健一咨询","imageUrl":"http://localhost:3002/images/J1/健一咨询@2x.png"},{"text":"帮助中心","detailText":"欢迎进入=>帮助中心","imageUrl":"http://localhost:3002/images/J1/帮助中心@2x.png"},{"text":"点赞/吐槽","detailText":"欢迎进入=>点赞/吐槽","imageUrl":"http://localhost:3002/images/J1/点赞:吐槽@2x.png"},{"text":"关于健一","detailText":"欢迎进入=>关于健一","imageUrl":"http://localhost:3002/images/J1/关于健一@2x.png"}]}}
*************** response log end ***************

[2017-04-11 16:56:39.368] [INFO] resLogger - 
*************** response log start ***************
request method: GET
request originalUrl:  /api/J1/getJ1List
request client ip:  ::1
request query:  {}
response time: 0
response status: 200
response body: 
{"code":0,"message":"success","data":{"models":[{"text":"我的账户","detailText":"欢迎进入=>我的账户","imageUrl":"http://localhost:3002/images/J1/我的账户@2x.png"},{"text":"我的优惠券","detailText":"欢迎进入=>我的优惠券","imageUrl":"http://localhost:3002/images/J1/我的优惠券@2x.png"},{"text":"收货地址","detailText":"欢迎进入=>收货地址","imageUrl":"http://localhost:3002/images/J1/收货地址@2x.png"},{"text":"在线客服","detailText":"欢迎进入=>在线客服","imageUrl":"http://localhost:3002/images/J1/在线客服@2x.png"},{"text":"用药提醒","detailText":"欢迎进入=>用药提醒","imageUrl":"http://localhost:3002/images/J1/用药提醒@2x.png"},{"text":"药查查","detailText":"欢迎进入=>药查查","imageUrl":"http://localhost:3002/images/J1/药查查@2x.png"},{"text":"疾病百科","detailText":"欢迎进入=>疾病百科","imageUrl":"http://localhost:3002/images/J1/疾病百科@2x.png"},{"text":"药品百科","detailText":"欢迎进入=>药品百科","imageUrl":"http://localhost:3002/images/J1/药品百科@2x.png"},{"text":"健一咨询","detailText":"欢迎进入=>健一咨询","imageUrl":"http://localhost:3002/images/J1/健一咨询@2x.png"},{"text":"帮助中心","detailText":"欢迎进入=>帮助中心","imageUrl":"http://localhost:3002/images/J1/帮助中心@2x.png"},{"text":"点赞/吐槽","detailText":"欢迎进入=>点赞/吐槽","imageUrl":"http://localhost:3002/images/J1/点赞:吐槽@2x.png"},{"text":"关于健一","detailText":"欢迎进入=>关于健一","imageUrl":"http://localhost:3002/images/J1/关于健一@2x.png"}]}}
*************** response log end ***************

[2017-04-11 16:56:47.712] [INFO] resLogger - 
*************** response log start ***************
request method: GET
request originalUrl:  /api/J1/getJ1List
request client ip:  ::1
request query:  {}
response time: 1
response status: 200
response body: 
{"code":0,"message":"success","data":{"models":[{"text":"我的账户","detailText":"欢迎进入=>我的账户","imageUrl":"http://localhost:3002/images/J1/我的账户@2x.png"},{"text":"我的优惠券","detailText":"欢迎进入=>我的优惠券","imageUrl":"http://localhost:3002/images/J1/我的优惠券@2x.png"},{"text":"收货地址","detailText":"欢迎进入=>收货地址","imageUrl":"http://localhost:3002/images/J1/收货地址@2x.png"},{"text":"在线客服","detailText":"欢迎进入=>在线客服","imageUrl":"http://localhost:3002/images/J1/在线客服@2x.png"},{"text":"用药提醒","detailText":"欢迎进入=>用药提醒","imageUrl":"http://localhost:3002/images/J1/用药提醒@2x.png"},{"text":"药查查","detailText":"欢迎进入=>药查查","imageUrl":"http://localhost:3002/images/J1/药查查@2x.png"},{"text":"疾病百科","detailText":"欢迎进入=>疾病百科","imageUrl":"http://localhost:3002/images/J1/疾病百科@2x.png"},{"text":"药品百科","detailText":"欢迎进入=>药品百科","imageUrl":"http://localhost:3002/images/J1/药品百科@2x.png"},{"text":"健一咨询","detailText":"欢迎进入=>健一咨询","imageUrl":"http://localhost:3002/images/J1/健一咨询@2x.png"},{"text":"帮助中心","detailText":"欢迎进入=>帮助中心","imageUrl":"http://localhost:3002/images/J1/帮助中心@2x.png"},{"text":"点赞/吐槽","detailText":"欢迎进入=>点赞/吐槽","imageUrl":"http://localhost:3002/images/J1/点赞:吐槽@2x.png"},{"text":"关于健一","detailText":"欢迎进入=>关于健一","imageUrl":"http://localhost:3002/images/J1/关于健一@2x.png"}]}}
*************** response log end ***************

[2017-04-11 16:56:51.070] [INFO] resLogger - 
*************** response log start ***************
request method: GET
request originalUrl:  /api/J1/getJ1List
request client ip:  ::1
request query:  {}
response time: 0
response status: 200
response body: 
{"code":0,"message":"success","data":{"models":[{"text":"我的账户","detailText":"欢迎进入=>我的账户","imageUrl":"http://localhost:3002/images/J1/我的账户@2x.png"},{"text":"我的优惠券","detailText":"欢迎进入=>我的优惠券","imageUrl":"http://localhost:3002/images/J1/我的优惠券@2x.png"},{"text":"收货地址","detailText":"欢迎进入=>收货地址","imageUrl":"http://localhost:3002/images/J1/收货地址@2x.png"},{"text":"在线客服","detailText":"欢迎进入=>在线客服","imageUrl":"http://localhost:3002/images/J1/在线客服@2x.png"},{"text":"用药提醒","detailText":"欢迎进入=>用药提醒","imageUrl":"http://localhost:3002/images/J1/用药提醒@2x.png"},{"text":"药查查","detailText":"欢迎进入=>药查查","imageUrl":"http://localhost:3002/images/J1/药查查@2x.png"},{"text":"疾病百科","detailText":"欢迎进入=>疾病百科","imageUrl":"http://localhost:3002/images/J1/疾病百科@2x.png"},{"text":"药品百科","detailText":"欢迎进入=>药品百科","imageUrl":"http://localhost:3002/images/J1/药品百科@2x.png"},{"text":"健一咨询","detailText":"欢迎进入=>健一咨询","imageUrl":"http://localhost:3002/images/J1/健一咨询@2x.png"},{"text":"帮助中心","detailText":"欢迎进入=>帮助中心","imageUrl":"http://localhost:3002/images/J1/帮助中心@2x.png"},{"text":"点赞/吐槽","detailText":"欢迎进入=>点赞/吐槽","imageUrl":"http://localhost:3002/images/J1/点赞:吐槽@2x.png"},{"text":"关于健一","detailText":"欢迎进入=>关于健一","imageUrl":"http://localhost:3002/images/J1/关于健一@2x.png"}]}}
*************** response log end ***************

