[2017-04-12 14:02:26.362] [INFO] resLogger - 
*************** response log start ***************
request method: GET
request originalUrl:  /api/J1/getJ1List
request client ip:  ::1
request query:  {}
response time: 1
response status: 200
response body: 
{"code":0,"message":"success","data":{"models":[{"text":"我的账户","detailText":"欢迎进入=>我的账户","imageUrl":"http://localhost:3002/images/J1/我的账户@2x.png"},{"text":"我的优惠券","detailText":"欢迎进入=>我的优惠券","imageUrl":"http://localhost:3002/images/J1/我的优惠券@2x.png"},{"text":"收货地址","detailText":"欢迎进入=>收货地址","imageUrl":"http://localhost:3002/images/J1/收货地址@2x.png"},{"text":"在线客服","detailText":"欢迎进入=>在线客服","imageUrl":"http://localhost:3002/images/J1/在线客服@2x.png"},{"text":"用药提醒","detailText":"欢迎进入=>用药提醒","imageUrl":"http://localhost:3002/images/J1/用药提醒@2x.png"},{"text":"药查查","detailText":"欢迎进入=>药查查","imageUrl":"http://localhost:3002/images/J1/药查查@2x.png"},{"text":"疾病百科","detailText":"欢迎进入=>疾病百科","imageUrl":"http://localhost:3002/images/J1/疾病百科@2x.png"},{"text":"药品百科","detailText":"欢迎进入=>药品百科","imageUrl":"http://localhost:3002/images/J1/药品百科@2x.png"},{"text":"健一咨询","detailText":"欢迎进入=>健一咨询","imageUrl":"http://localhost:3002/images/J1/健一咨询@2x.png"},{"text":"帮助中心","detailText":"欢迎进入=>帮助中心","imageUrl":"http://localhost:3002/images/J1/帮助中心@2x.png"},{"text":"点赞/吐槽","detailText":"欢迎进入=>点赞/吐槽","imageUrl":"http://localhost:3002/images/J1/点赞:吐槽@2x.png"},{"text":"关于健一","detailText":"欢迎进入=>关于健一","imageUrl":"http://localhost:3002/images/J1/关于健一@2x.png"}]}}
*************** response log end ***************

[2017-04-12 14:04:34.755] [INFO] resLogger - 
*************** response log start ***************
request method: GET
request originalUrl:  /api/J1/getRouters
request client ip:  ::1
request query:  {}
response time: 1
response status: 200
response body: 
{"code":0,"message":"success","data":{"routers":{"J1":"web"}}}
*************** response log end ***************

[2017-04-12 14:04:47.890] [INFO] resLogger - 
*************** response log start ***************
request method: GET
request originalUrl:  /api/J1/getJ1List
request client ip:  ::1
request query:  {}
response time: 1
response status: 200
response body: 
{"code":0,"message":"success","data":{"models":[{"text":"我的账户","detailText":"欢迎进入=>我的账户","imageUrl":"http://localhost:3002/images/J1/我的账户@2x.png"},{"text":"我的优惠券","detailText":"欢迎进入=>我的优惠券","imageUrl":"http://localhost:3002/images/J1/我的优惠券@2x.png"},{"text":"收货地址","detailText":"欢迎进入=>收货地址","imageUrl":"http://localhost:3002/images/J1/收货地址@2x.png"},{"text":"在线客服","detailText":"欢迎进入=>在线客服","imageUrl":"http://localhost:3002/images/J1/在线客服@2x.png"},{"text":"用药提醒","detailText":"欢迎进入=>用药提醒","imageUrl":"http://localhost:3002/images/J1/用药提醒@2x.png"},{"text":"药查查","detailText":"欢迎进入=>药查查","imageUrl":"http://localhost:3002/images/J1/药查查@2x.png"},{"text":"疾病百科","detailText":"欢迎进入=>疾病百科","imageUrl":"http://localhost:3002/images/J1/疾病百科@2x.png"},{"text":"药品百科","detailText":"欢迎进入=>药品百科","imageUrl":"http://localhost:3002/images/J1/药品百科@2x.png"},{"text":"健一咨询","detailText":"欢迎进入=>健一咨询","imageUrl":"http://localhost:3002/images/J1/健一咨询@2x.png"},{"text":"帮助中心","detailText":"欢迎进入=>帮助中心","imageUrl":"http://localhost:3002/images/J1/帮助中心@2x.png"},{"text":"点赞/吐槽","detailText":"欢迎进入=>点赞/吐槽","imageUrl":"http://localhost:3002/images/J1/点赞:吐槽@2x.png"},{"text":"关于健一","detailText":"欢迎进入=>关于健一","imageUrl":"http://localhost:3002/images/J1/关于健一@2x.png"}]}}
*************** response log end ***************

[2017-04-12 14:05:54.506] [INFO] resLogger - 
*************** response log start ***************
request method: GET
request originalUrl:  /api/J1/getRouters
request client ip:  ::1
request query:  {}
response time: 4
response status: 200
response body: 
{"code":0,"message":"success","data":{"routers":{"J1":"app"}}}
*************** response log end ***************

[2017-04-12 14:05:54.530] [INFO] resLogger - 
*************** response log start ***************
request method: GET
request originalUrl:  /api/J1/getJ1List
request client ip:  ::1
request query:  {}
response time: 1
response status: 200
response body: 
{"code":0,"message":"success","data":{"models":[{"text":"我的账户","detailText":"欢迎进入=>我的账户","imageUrl":"http://localhost:3002/images/J1/我的账户@2x.png"},{"text":"我的优惠券","detailText":"欢迎进入=>我的优惠券","imageUrl":"http://localhost:3002/images/J1/我的优惠券@2x.png"},{"text":"收货地址","detailText":"欢迎进入=>收货地址","imageUrl":"http://localhost:3002/images/J1/收货地址@2x.png"},{"text":"在线客服","detailText":"欢迎进入=>在线客服","imageUrl":"http://localhost:3002/images/J1/在线客服@2x.png"},{"text":"用药提醒","detailText":"欢迎进入=>用药提醒","imageUrl":"http://localhost:3002/images/J1/用药提醒@2x.png"},{"text":"药查查","detailText":"欢迎进入=>药查查","imageUrl":"http://localhost:3002/images/J1/药查查@2x.png"},{"text":"疾病百科","detailText":"欢迎进入=>疾病百科","imageUrl":"http://localhost:3002/images/J1/疾病百科@2x.png"},{"text":"药品百科","detailText":"欢迎进入=>药品百科","imageUrl":"http://localhost:3002/images/J1/药品百科@2x.png"},{"text":"健一咨询","detailText":"欢迎进入=>健一咨询","imageUrl":"http://localhost:3002/images/J1/健一咨询@2x.png"},{"text":"帮助中心","detailText":"欢迎进入=>帮助中心","imageUrl":"http://localhost:3002/images/J1/帮助中心@2x.png"},{"text":"点赞/吐槽","detailText":"欢迎进入=>点赞/吐槽","imageUrl":"http://localhost:3002/images/J1/点赞:吐槽@2x.png"},{"text":"关于健一","detailText":"欢迎进入=>关于健一","imageUrl":"http://localhost:3002/images/J1/关于健一@2x.png"}]}}
*************** response log end ***************

[2017-04-12 14:50:36.394] [INFO] resLogger - 
*************** response log start ***************
request method: GET
request originalUrl:  /api/J1/getJ1List
request client ip:  ::1
request query:  {}
response time: 1
response status: 200
response body: 
{"code":0,"message":"success","data":{"models":[{"text":"我的账户","detailText":"欢迎进入=>我的账户","imageUrl":"http://localhost:3002/images/J1/我的账户@2x.png"},{"text":"我的优惠券","detailText":"欢迎进入=>我的优惠券","imageUrl":"http://localhost:3002/images/J1/我的优惠券@2x.png"},{"text":"收货地址","detailText":"欢迎进入=>收货地址","imageUrl":"http://localhost:3002/images/J1/收货地址@2x.png"},{"text":"在线客服","detailText":"欢迎进入=>在线客服","imageUrl":"http://localhost:3002/images/J1/在线客服@2x.png"},{"text":"用药提醒","detailText":"欢迎进入=>用药提醒","imageUrl":"http://localhost:3002/images/J1/用药提醒@2x.png"},{"text":"药查查","detailText":"欢迎进入=>药查查","imageUrl":"http://localhost:3002/images/J1/药查查@2x.png"},{"text":"疾病百科","detailText":"欢迎进入=>疾病百科","imageUrl":"http://localhost:3002/images/J1/疾病百科@2x.png"},{"text":"药品百科","detailText":"欢迎进入=>药品百科","imageUrl":"http://localhost:3002/images/J1/药品百科@2x.png"},{"text":"健一咨询","detailText":"欢迎进入=>健一咨询","imageUrl":"http://localhost:3002/images/J1/健一咨询@2x.png"},{"text":"帮助中心","detailText":"欢迎进入=>帮助中心","imageUrl":"http://localhost:3002/images/J1/帮助中心@2x.png"},{"text":"点赞/吐槽","detailText":"欢迎进入=>点赞/吐槽","imageUrl":"http://localhost:3002/images/J1/点赞:吐槽@2x.png"},{"text":"关于健一","detailText":"欢迎进入=>关于健一","imageUrl":"http://localhost:3002/images/J1/关于健一@2x.png"}]}}
*************** response log end ***************

[2017-04-12 14:50:40.098] [INFO] resLogger - 
*************** response log start ***************
request method: GET
request originalUrl:  /api/J1/getRouters
request client ip:  ::1
request query:  {}
response time: 1
response status: 200
response body: 
{"code":0,"message":"success","data":{"routers":{"J1":"app"}}}
*************** response log end ***************

[2017-04-12 14:50:40.154] [INFO] resLogger - 
*************** response log start ***************
request method: GET
request originalUrl:  /api/J1/getJ1List
request client ip:  ::1
request query:  {}
response time: 0
response status: 200
response body: 
{"code":0,"message":"success","data":{"models":[{"text":"我的账户","detailText":"欢迎进入=>我的账户","imageUrl":"http://localhost:3002/images/J1/我的账户@2x.png"},{"text":"我的优惠券","detailText":"欢迎进入=>我的优惠券","imageUrl":"http://localhost:3002/images/J1/我的优惠券@2x.png"},{"text":"收货地址","detailText":"欢迎进入=>收货地址","imageUrl":"http://localhost:3002/images/J1/收货地址@2x.png"},{"text":"在线客服","detailText":"欢迎进入=>在线客服","imageUrl":"http://localhost:3002/images/J1/在线客服@2x.png"},{"text":"用药提醒","detailText":"欢迎进入=>用药提醒","imageUrl":"http://localhost:3002/images/J1/用药提醒@2x.png"},{"text":"药查查","detailText":"欢迎进入=>药查查","imageUrl":"http://localhost:3002/images/J1/药查查@2x.png"},{"text":"疾病百科","detailText":"欢迎进入=>疾病百科","imageUrl":"http://localhost:3002/images/J1/疾病百科@2x.png"},{"text":"药品百科","detailText":"欢迎进入=>药品百科","imageUrl":"http://localhost:3002/images/J1/药品百科@2x.png"},{"text":"健一咨询","detailText":"欢迎进入=>健一咨询","imageUrl":"http://localhost:3002/images/J1/健一咨询@2x.png"},{"text":"帮助中心","detailText":"欢迎进入=>帮助中心","imageUrl":"http://localhost:3002/images/J1/帮助中心@2x.png"},{"text":"点赞/吐槽","detailText":"欢迎进入=>点赞/吐槽","imageUrl":"http://localhost:3002/images/J1/点赞:吐槽@2x.png"},{"text":"关于健一","detailText":"欢迎进入=>关于健一","imageUrl":"http://localhost:3002/images/J1/关于健一@2x.png"}]}}
*************** response log end ***************

[2017-04-12 14:50:40.972] [INFO] resLogger - 
*************** response log start ***************
request method: GET
request originalUrl:  /api/J1/getRouters
request client ip:  ::1
request query:  {}
response time: 0
response status: 200
response body: 
{"code":0,"message":"success","data":{"routers":{"J1":"app"}}}
*************** response log end ***************

[2017-04-12 14:50:40.981] [INFO] resLogger - 
*************** response log start ***************
request method: GET
request originalUrl:  /api/J1/getJ1List
request client ip:  ::1
request query:  {}
response time: 0
response status: 200
response body: 
{"code":0,"message":"success","data":{"models":[{"text":"我的账户","detailText":"欢迎进入=>我的账户","imageUrl":"http://localhost:3002/images/J1/我的账户@2x.png"},{"text":"我的优惠券","detailText":"欢迎进入=>我的优惠券","imageUrl":"http://localhost:3002/images/J1/我的优惠券@2x.png"},{"text":"收货地址","detailText":"欢迎进入=>收货地址","imageUrl":"http://localhost:3002/images/J1/收货地址@2x.png"},{"text":"在线客服","detailText":"欢迎进入=>在线客服","imageUrl":"http://localhost:3002/images/J1/在线客服@2x.png"},{"text":"用药提醒","detailText":"欢迎进入=>用药提醒","imageUrl":"http://localhost:3002/images/J1/用药提醒@2x.png"},{"text":"药查查","detailText":"欢迎进入=>药查查","imageUrl":"http://localhost:3002/images/J1/药查查@2x.png"},{"text":"疾病百科","detailText":"欢迎进入=>疾病百科","imageUrl":"http://localhost:3002/images/J1/疾病百科@2x.png"},{"text":"药品百科","detailText":"欢迎进入=>药品百科","imageUrl":"http://localhost:3002/images/J1/药品百科@2x.png"},{"text":"健一咨询","detailText":"欢迎进入=>健一咨询","imageUrl":"http://localhost:3002/images/J1/健一咨询@2x.png"},{"text":"帮助中心","detailText":"欢迎进入=>帮助中心","imageUrl":"http://localhost:3002/images/J1/帮助中心@2x.png"},{"text":"点赞/吐槽","detailText":"欢迎进入=>点赞/吐槽","imageUrl":"http://localhost:3002/images/J1/点赞:吐槽@2x.png"},{"text":"关于健一","detailText":"欢迎进入=>关于健一","imageUrl":"http://localhost:3002/images/J1/关于健一@2x.png"}]}}
*************** response log end ***************

[2017-04-12 14:52:05.131] [INFO] resLogger - 
*************** response log start ***************
request method: GET
request originalUrl:  /api/J1/getRouters
request client ip:  ::1
request query:  {}
response time: 4
response status: 200
response body: 
{"code":0,"message":"success","data":{"routers":{"J1":"web"}}}
*************** response log end ***************

[2017-04-12 14:52:11.120] [INFO] resLogger - 
*************** response log start ***************
request method: GET
request originalUrl:  /api/J1/getJ1List
request client ip:  ::1
request query:  {}
response time: 2
response status: 200
response body: 
{"code":0,"message":"success","data":{"models":[{"text":"我的账户","detailText":"欢迎进入=>我的账户","imageUrl":"http://localhost:3002/images/J1/我的账户@2x.png"},{"text":"我的优惠券","detailText":"欢迎进入=>我的优惠券","imageUrl":"http://localhost:3002/images/J1/我的优惠券@2x.png"},{"text":"收货地址","detailText":"欢迎进入=>收货地址","imageUrl":"http://localhost:3002/images/J1/收货地址@2x.png"},{"text":"在线客服","detailText":"欢迎进入=>在线客服","imageUrl":"http://localhost:3002/images/J1/在线客服@2x.png"},{"text":"用药提醒","detailText":"欢迎进入=>用药提醒","imageUrl":"http://localhost:3002/images/J1/用药提醒@2x.png"},{"text":"药查查","detailText":"欢迎进入=>药查查","imageUrl":"http://localhost:3002/images/J1/药查查@2x.png"},{"text":"疾病百科","detailText":"欢迎进入=>疾病百科","imageUrl":"http://localhost:3002/images/J1/疾病百科@2x.png"},{"text":"药品百科","detailText":"欢迎进入=>药品百科","imageUrl":"http://localhost:3002/images/J1/药品百科@2x.png"},{"text":"健一咨询","detailText":"欢迎进入=>健一咨询","imageUrl":"http://localhost:3002/images/J1/健一咨询@2x.png"},{"text":"帮助中心","detailText":"欢迎进入=>帮助中心","imageUrl":"http://localhost:3002/images/J1/帮助中心@2x.png"},{"text":"点赞/吐槽","detailText":"欢迎进入=>点赞/吐槽","imageUrl":"http://localhost:3002/images/J1/点赞:吐槽@2x.png"},{"text":"关于健一","detailText":"欢迎进入=>关于健一","imageUrl":"http://localhost:3002/images/J1/关于健一@2x.png"}]}}
*************** response log end ***************

[2017-04-12 14:55:19.282] [INFO] resLogger - 
*************** response log start ***************
request method: GET
request originalUrl:  /api/J1/getJ1List
request client ip:  ::1
request query:  {}
response time: 1
response status: 200
response body: 
{"code":0,"message":"success","data":{"models":[{"text":"我的账户","detailText":"欢迎进入=>我的账户","imageUrl":"http://localhost:3002/images/J1/我的账户@2x.png"},{"text":"我的优惠券","detailText":"欢迎进入=>我的优惠券","imageUrl":"http://localhost:3002/images/J1/我的优惠券@2x.png"},{"text":"收货地址","detailText":"欢迎进入=>收货地址","imageUrl":"http://localhost:3002/images/J1/收货地址@2x.png"},{"text":"在线客服","detailText":"欢迎进入=>在线客服","imageUrl":"http://localhost:3002/images/J1/在线客服@2x.png"},{"text":"用药提醒","detailText":"欢迎进入=>用药提醒","imageUrl":"http://localhost:3002/images/J1/用药提醒@2x.png"},{"text":"药查查","detailText":"欢迎进入=>药查查","imageUrl":"http://localhost:3002/images/J1/药查查@2x.png"},{"text":"疾病百科","detailText":"欢迎进入=>疾病百科","imageUrl":"http://localhost:3002/images/J1/疾病百科@2x.png"},{"text":"药品百科","detailText":"欢迎进入=>药品百科","imageUrl":"http://localhost:3002/images/J1/药品百科@2x.png"},{"text":"健一咨询","detailText":"欢迎进入=>健一咨询","imageUrl":"http://localhost:3002/images/J1/健一咨询@2x.png"},{"text":"帮助中心","detailText":"欢迎进入=>帮助中心","imageUrl":"http://localhost:3002/images/J1/帮助中心@2x.png"},{"text":"点赞/吐槽","detailText":"欢迎进入=>点赞/吐槽","imageUrl":"http://localhost:3002/images/J1/点赞:吐槽@2x.png"},{"text":"关于健一","detailText":"欢迎进入=>关于健一","imageUrl":"http://localhost:3002/images/J1/关于健一@2x.png"}]}}
*************** response log end ***************

[2017-04-12 14:55:22.688] [INFO] resLogger - 
*************** response log start ***************
request method: GET
request originalUrl:  /api/J1/getRouters
request client ip:  ::1
request query:  {}
response time: 0
response status: 200
response body: 
{"code":0,"message":"success","data":{"routers":{"J1":"web"}}}
*************** response log end ***************

[2017-04-12 14:55:27.111] [INFO] resLogger - 
*************** response log start ***************
request method: GET
request originalUrl:  /api/J1/getJ1List
request client ip:  ::1
request query:  {}
response time: 0
response status: 200
response body: 
{"code":0,"message":"success","data":{"models":[{"text":"我的账户","detailText":"欢迎进入=>我的账户","imageUrl":"http://localhost:3002/images/J1/我的账户@2x.png"},{"text":"我的优惠券","detailText":"欢迎进入=>我的优惠券","imageUrl":"http://localhost:3002/images/J1/我的优惠券@2x.png"},{"text":"收货地址","detailText":"欢迎进入=>收货地址","imageUrl":"http://localhost:3002/images/J1/收货地址@2x.png"},{"text":"在线客服","detailText":"欢迎进入=>在线客服","imageUrl":"http://localhost:3002/images/J1/在线客服@2x.png"},{"text":"用药提醒","detailText":"欢迎进入=>用药提醒","imageUrl":"http://localhost:3002/images/J1/用药提醒@2x.png"},{"text":"药查查","detailText":"欢迎进入=>药查查","imageUrl":"http://localhost:3002/images/J1/药查查@2x.png"},{"text":"疾病百科","detailText":"欢迎进入=>疾病百科","imageUrl":"http://localhost:3002/images/J1/疾病百科@2x.png"},{"text":"药品百科","detailText":"欢迎进入=>药品百科","imageUrl":"http://localhost:3002/images/J1/药品百科@2x.png"},{"text":"健一咨询","detailText":"欢迎进入=>健一咨询","imageUrl":"http://localhost:3002/images/J1/健一咨询@2x.png"},{"text":"帮助中心","detailText":"欢迎进入=>帮助中心","imageUrl":"http://localhost:3002/images/J1/帮助中心@2x.png"},{"text":"点赞/吐槽","detailText":"欢迎进入=>点赞/吐槽","imageUrl":"http://localhost:3002/images/J1/点赞:吐槽@2x.png"},{"text":"关于健一","detailText":"欢迎进入=>关于健一","imageUrl":"http://localhost:3002/images/J1/关于健一@2x.png"}]}}
*************** response log end ***************

[2017-04-12 14:55:28.516] [INFO] resLogger - 
*************** response log start ***************
request method: GET
request originalUrl:  /api/J1/getRouters
request client ip:  ::1
request query:  {}
response time: 1
response status: 200
response body: 
{"code":0,"message":"success","data":{"routers":{"J1":"web"}}}
*************** response log end ***************

[2017-04-12 14:55:38.777] [INFO] resLogger - 
*************** response log start ***************
request method: GET
request originalUrl:  /api/J1/getJ1List
request client ip:  ::1
request query:  {}
response time: 0
response status: 200
response body: 
{"code":0,"message":"success","data":{"models":[{"text":"我的账户","detailText":"欢迎进入=>我的账户","imageUrl":"http://localhost:3002/images/J1/我的账户@2x.png"},{"text":"我的优惠券","detailText":"欢迎进入=>我的优惠券","imageUrl":"http://localhost:3002/images/J1/我的优惠券@2x.png"},{"text":"收货地址","detailText":"欢迎进入=>收货地址","imageUrl":"http://localhost:3002/images/J1/收货地址@2x.png"},{"text":"在线客服","detailText":"欢迎进入=>在线客服","imageUrl":"http://localhost:3002/images/J1/在线客服@2x.png"},{"text":"用药提醒","detailText":"欢迎进入=>用药提醒","imageUrl":"http://localhost:3002/images/J1/用药提醒@2x.png"},{"text":"药查查","detailText":"欢迎进入=>药查查","imageUrl":"http://localhost:3002/images/J1/药查查@2x.png"},{"text":"疾病百科","detailText":"欢迎进入=>疾病百科","imageUrl":"http://localhost:3002/images/J1/疾病百科@2x.png"},{"text":"药品百科","detailText":"欢迎进入=>药品百科","imageUrl":"http://localhost:3002/images/J1/药品百科@2x.png"},{"text":"健一咨询","detailText":"欢迎进入=>健一咨询","imageUrl":"http://localhost:3002/images/J1/健一咨询@2x.png"},{"text":"帮助中心","detailText":"欢迎进入=>帮助中心","imageUrl":"http://localhost:3002/images/J1/帮助中心@2x.png"},{"text":"点赞/吐槽","detailText":"欢迎进入=>点赞/吐槽","imageUrl":"http://localhost:3002/images/J1/点赞:吐槽@2x.png"},{"text":"关于健一","detailText":"欢迎进入=>关于健一","imageUrl":"http://localhost:3002/images/J1/关于健一@2x.png"}]}}
*************** response log end ***************

[2017-04-12 14:55:40.016] [INFO] resLogger - 
*************** response log start ***************
request method: GET
request originalUrl:  /api/J1/getRouters
request client ip:  ::1
request query:  {}
response time: 1
response status: 200
response body: 
{"code":0,"message":"success","data":{"routers":{"J1":"web"}}}
*************** response log end ***************

[2017-04-12 14:55:45.327] [INFO] resLogger - 
*************** response log start ***************
request method: GET
request originalUrl:  /api/J1/getJ1List
request client ip:  ::1
request query:  {}
response time: 0
response status: 200
response body: 
{"code":0,"message":"success","data":{"models":[{"text":"我的账户","detailText":"欢迎进入=>我的账户","imageUrl":"http://localhost:3002/images/J1/我的账户@2x.png"},{"text":"我的优惠券","detailText":"欢迎进入=>我的优惠券","imageUrl":"http://localhost:3002/images/J1/我的优惠券@2x.png"},{"text":"收货地址","detailText":"欢迎进入=>收货地址","imageUrl":"http://localhost:3002/images/J1/收货地址@2x.png"},{"text":"在线客服","detailText":"欢迎进入=>在线客服","imageUrl":"http://localhost:3002/images/J1/在线客服@2x.png"},{"text":"用药提醒","detailText":"欢迎进入=>用药提醒","imageUrl":"http://localhost:3002/images/J1/用药提醒@2x.png"},{"text":"药查查","detailText":"欢迎进入=>药查查","imageUrl":"http://localhost:3002/images/J1/药查查@2x.png"},{"text":"疾病百科","detailText":"欢迎进入=>疾病百科","imageUrl":"http://localhost:3002/images/J1/疾病百科@2x.png"},{"text":"药品百科","detailText":"欢迎进入=>药品百科","imageUrl":"http://localhost:3002/images/J1/药品百科@2x.png"},{"text":"健一咨询","detailText":"欢迎进入=>健一咨询","imageUrl":"http://localhost:3002/images/J1/健一咨询@2x.png"},{"text":"帮助中心","detailText":"欢迎进入=>帮助中心","imageUrl":"http://localhost:3002/images/J1/帮助中心@2x.png"},{"text":"点赞/吐槽","detailText":"欢迎进入=>点赞/吐槽","imageUrl":"http://localhost:3002/images/J1/点赞:吐槽@2x.png"},{"text":"关于健一","detailText":"欢迎进入=>关于健一","imageUrl":"http://localhost:3002/images/J1/关于健一@2x.png"}]}}
*************** response log end ***************

