[2017-04-11 11:01:23.699] [INFO] resLogger - 
*************** response log start ***************
request method: GET
request originalUrl:  /api/J1/getJ1List
request client ip:  ::1
request query:  {}
response time: 1
response status: 200
response body: 
{"code":0,"message":"success","data":{"models":[{"text":"我的账户","detailText":"欢迎进入=>我的账户"},{"text":"我的优惠券","detailText":"欢迎进入=>我的优惠券"},{"text":"收货地址","detailText":"欢迎进入=>收货地址"},{"text":"在线客服","detailText":"欢迎进入=>在线客服"},{"text":"用药提醒","detailText":"欢迎进入=>用药提醒"},{"text":"药查查","detailText":"欢迎进入=>药查查"},{"text":"疾病百科","detailText":"欢迎进入=>疾病百科"},{"text":"药品百科","detailText":"欢迎进入=>药品百科"},{"text":"健一咨询","detailText":"欢迎进入=>健一咨询"},{"text":"帮助中心","detailText":"欢迎进入=>帮助中心"},{"text":"点赞/吐槽","detailText":"欢迎进入=>点赞/吐槽"},{"text":"关于健一","detailText":"欢迎进入=>关于健一"}]}}
*************** response log end ***************

[2017-04-11 11:30:55.067] [INFO] resLogger - 
*************** response log start ***************
request method: GET
request originalUrl:  /api/J1/getJ1List
request client ip:  ::1
request query:  {}
response time: 3
response status: 200
response body: 
{"code":0,"message":"success","data":{"models":[{"text":"我的账户","detailText":"欢迎进入=>我的账户"},{"text":"我的优惠券","detailText":"欢迎进入=>我的优惠券"},{"text":"收货地址","detailText":"欢迎进入=>收货地址"},{"text":"在线客服","detailText":"欢迎进入=>在线客服"},{"text":"用药提醒","detailText":"欢迎进入=>用药提醒"},{"text":"药查查","detailText":"欢迎进入=>药查查"},{"text":"疾病百科","detailText":"欢迎进入=>疾病百科"},{"text":"药品百科","detailText":"欢迎进入=>药品百科"},{"text":"健一咨询","detailText":"欢迎进入=>健一咨询"},{"text":"帮助中心","detailText":"欢迎进入=>帮助中心"},{"text":"点赞/吐槽","detailText":"欢迎进入=>点赞/吐槽"},{"text":"关于健一","detailText":"欢迎进入=>关于健一"}]}}
*************** response log end ***************

[2017-04-11 11:30:55.364] [INFO] resLogger - 
*************** response log start ***************
request method: GET
request originalUrl:  /favicon.ico
request client ip:  ::1
request query:  {}
response time: 0
response status: 404
response body: 
undefined
*************** response log end ***************

[2017-04-11 11:31:20.766] [INFO] resLogger - 
*************** response log start ***************
request method: GET
request originalUrl:  /api/J1/getJ1List
request client ip:  ::1
request query:  {}
response time: 3
response status: 200
response body: 
{"code":0,"message":"success","data":{"models":[{"text":"我的账户","detailText":"欢迎进入=>我的账户","imageUrl":"http://localhost:3002/images/J1/我的账户@2x.png"},{"text":"我的优惠券","detailText":"欢迎进入=>我的优惠券","imageUrl":"http://localhost:3002/images/J1/我的优惠券@2x.png"},{"text":"收货地址","detailText":"欢迎进入=>收货地址","imageUrl":"http://localhost:3002/images/J1/收货地址@2x.png"},{"text":"在线客服","detailText":"欢迎进入=>在线客服","imageUrl":"http://localhost:3002/images/J1/在线客服@2x.png"},{"text":"用药提醒","detailText":"欢迎进入=>用药提醒","imageUrl":"http://localhost:3002/images/J1/用药提醒@2x.png"},{"text":"药查查","detailText":"欢迎进入=>药查查","imageUrl":"http://localhost:3002/images/J1/药查查@2x.png"},{"text":"疾病百科","detailText":"欢迎进入=>疾病百科","imageUrl":"http://localhost:3002/images/J1/疾病百科@2x.png"},{"text":"药品百科","detailText":"欢迎进入=>药品百科","imageUrl":"http://localhost:3002/images/J1/药品百科@2x.png"},{"text":"健一咨询","detailText":"欢迎进入=>健一咨询","imageUrl":"http://localhost:3002/images/J1/健一咨询@2x.png"},{"text":"帮助中心","detailText":"欢迎进入=>帮助中心","imageUrl":"http://localhost:3002/images/J1/帮助中心@2x.png"},{"text":"点赞/吐槽","detailText":"欢迎进入=>点赞/吐槽","imageUrl":"http://localhost:3002/images/J1/点赞:吐槽@2x.png"},{"text":"关于健一","detailText":"欢迎进入=>关于健一","imageUrl":"http://localhost:3002/images/J1/关于健一@2x.png"}]}}
*************** response log end ***************

[2017-04-11 11:33:05.456] [INFO] resLogger - 
*************** response log start ***************
request method: GET
request originalUrl:  /api/mvvm/getRouters
request client ip:  ::1
request query:  {}
response time: 0
response status: 200
response body: 
{"code":0,"message":"success"}
*************** response log end ***************

[2017-04-11 11:33:21.805] [INFO] resLogger - 
*************** response log start ***************
request method: GET
request originalUrl:  /api/J1/getJ1List
request client ip:  ::1
request query:  {}
response time: 1
response status: 200
response body: 
{"code":0,"message":"success","data":{"models":[{"text":"我的账户","detailText":"欢迎进入=>我的账户","imageUrl":"http://localhost:3002/images/J1/我的账户@2x.png"},{"text":"我的优惠券","detailText":"欢迎进入=>我的优惠券","imageUrl":"http://localhost:3002/images/J1/我的优惠券@2x.png"},{"text":"收货地址","detailText":"欢迎进入=>收货地址","imageUrl":"http://localhost:3002/images/J1/收货地址@2x.png"},{"text":"在线客服","detailText":"欢迎进入=>在线客服","imageUrl":"http://localhost:3002/images/J1/在线客服@2x.png"},{"text":"用药提醒","detailText":"欢迎进入=>用药提醒","imageUrl":"http://localhost:3002/images/J1/用药提醒@2x.png"},{"text":"药查查","detailText":"欢迎进入=>药查查","imageUrl":"http://localhost:3002/images/J1/药查查@2x.png"},{"text":"疾病百科","detailText":"欢迎进入=>疾病百科","imageUrl":"http://localhost:3002/images/J1/疾病百科@2x.png"},{"text":"药品百科","detailText":"欢迎进入=>药品百科","imageUrl":"http://localhost:3002/images/J1/药品百科@2x.png"},{"text":"健一咨询","detailText":"欢迎进入=>健一咨询","imageUrl":"http://localhost:3002/images/J1/健一咨询@2x.png"},{"text":"帮助中心","detailText":"欢迎进入=>帮助中心","imageUrl":"http://localhost:3002/images/J1/帮助中心@2x.png"},{"text":"点赞/吐槽","detailText":"欢迎进入=>点赞/吐槽","imageUrl":"http://localhost:3002/images/J1/点赞:吐槽@2x.png"},{"text":"关于健一","detailText":"欢迎进入=>关于健一","imageUrl":"http://localhost:3002/images/J1/关于健一@2x.png"}]}}
*************** response log end ***************

[2017-04-11 11:42:21.470] [INFO] resLogger - 
*************** response log start ***************
request method: GET
request originalUrl:  /api/J1/getJ1List
request client ip:  ::1
request query:  {}
response time: 0
response status: 200
response body: 
{"code":0,"message":"success","data":{"models":[{"text":"我的账户","detailText":"欢迎进入=>我的账户","imageUrl":"http://localhost:3002/images/J1/我的账户@2x.png"},{"text":"我的优惠券","detailText":"欢迎进入=>我的优惠券","imageUrl":"http://localhost:3002/images/J1/我的优惠券@2x.png"},{"text":"收货地址","detailText":"欢迎进入=>收货地址","imageUrl":"http://localhost:3002/images/J1/收货地址@2x.png"},{"text":"在线客服","detailText":"欢迎进入=>在线客服","imageUrl":"http://localhost:3002/images/J1/在线客服@2x.png"},{"text":"用药提醒","detailText":"欢迎进入=>用药提醒","imageUrl":"http://localhost:3002/images/J1/用药提醒@2x.png"},{"text":"药查查","detailText":"欢迎进入=>药查查","imageUrl":"http://localhost:3002/images/J1/药查查@2x.png"},{"text":"疾病百科","detailText":"欢迎进入=>疾病百科","imageUrl":"http://localhost:3002/images/J1/疾病百科@2x.png"},{"text":"药品百科","detailText":"欢迎进入=>药品百科","imageUrl":"http://localhost:3002/images/J1/药品百科@2x.png"},{"text":"健一咨询","detailText":"欢迎进入=>健一咨询","imageUrl":"http://localhost:3002/images/J1/健一咨询@2x.png"},{"text":"帮助中心","detailText":"欢迎进入=>帮助中心","imageUrl":"http://localhost:3002/images/J1/帮助中心@2x.png"},{"text":"点赞/吐槽","detailText":"欢迎进入=>点赞/吐槽","imageUrl":"http://localhost:3002/images/J1/点赞:吐槽@2x.png"},{"text":"关于健一","detailText":"欢迎进入=>关于健一","imageUrl":"http://localhost:3002/images/J1/关于健一@2x.png"}]}}
*************** response log end ***************

[2017-04-11 11:42:51.717] [INFO] resLogger - 
*************** response log start ***************
request method: GET
request originalUrl:  /api/J1/getJ1List
request client ip:  ::1
request query:  {}
response time: 1
response status: 200
response body: 
{"code":0,"message":"success","data":{"models":[{"text":"我的账户","detailText":"欢迎进入=>我的账户","imageUrl":"http://localhost:3002/images/J1/我的账户@2x.png"},{"text":"我的优惠券","detailText":"欢迎进入=>我的优惠券","imageUrl":"http://localhost:3002/images/J1/我的优惠券@2x.png"},{"text":"收货地址","detailText":"欢迎进入=>收货地址","imageUrl":"http://localhost:3002/images/J1/收货地址@2x.png"},{"text":"在线客服","detailText":"欢迎进入=>在线客服","imageUrl":"http://localhost:3002/images/J1/在线客服@2x.png"},{"text":"用药提醒","detailText":"欢迎进入=>用药提醒","imageUrl":"http://localhost:3002/images/J1/用药提醒@2x.png"},{"text":"药查查","detailText":"欢迎进入=>药查查","imageUrl":"http://localhost:3002/images/J1/药查查@2x.png"},{"text":"疾病百科","detailText":"欢迎进入=>疾病百科","imageUrl":"http://localhost:3002/images/J1/疾病百科@2x.png"},{"text":"药品百科","detailText":"欢迎进入=>药品百科","imageUrl":"http://localhost:3002/images/J1/药品百科@2x.png"},{"text":"健一咨询","detailText":"欢迎进入=>健一咨询","imageUrl":"http://localhost:3002/images/J1/健一咨询@2x.png"},{"text":"帮助中心","detailText":"欢迎进入=>帮助中心","imageUrl":"http://localhost:3002/images/J1/帮助中心@2x.png"},{"text":"点赞/吐槽","detailText":"欢迎进入=>点赞/吐槽","imageUrl":"http://localhost:3002/images/J1/点赞:吐槽@2x.png"},{"text":"关于健一","detailText":"欢迎进入=>关于健一","imageUrl":"http://localhost:3002/images/J1/关于健一@2x.png"}]}}
*************** response log end ***************

[2017-04-11 11:43:23.251] [INFO] resLogger - 
*************** response log start ***************
request method: GET
request originalUrl:  /api/J1/getJ1List
request client ip:  ::1
request query:  {}
response time: 0
response status: 200
response body: 
{"code":0,"message":"success","data":{"models":[{"text":"我的账户","detailText":"欢迎进入=>我的账户","imageUrl":"http://localhost:3002/images/J1/我的账户@2x.png"},{"text":"我的优惠券","detailText":"欢迎进入=>我的优惠券","imageUrl":"http://localhost:3002/images/J1/我的优惠券@2x.png"},{"text":"收货地址","detailText":"欢迎进入=>收货地址","imageUrl":"http://localhost:3002/images/J1/收货地址@2x.png"},{"text":"在线客服","detailText":"欢迎进入=>在线客服","imageUrl":"http://localhost:3002/images/J1/在线客服@2x.png"},{"text":"用药提醒","detailText":"欢迎进入=>用药提醒","imageUrl":"http://localhost:3002/images/J1/用药提醒@2x.png"},{"text":"药查查","detailText":"欢迎进入=>药查查","imageUrl":"http://localhost:3002/images/J1/药查查@2x.png"},{"text":"疾病百科","detailText":"欢迎进入=>疾病百科","imageUrl":"http://localhost:3002/images/J1/疾病百科@2x.png"},{"text":"药品百科","detailText":"欢迎进入=>药品百科","imageUrl":"http://localhost:3002/images/J1/药品百科@2x.png"},{"text":"健一咨询","detailText":"欢迎进入=>健一咨询","imageUrl":"http://localhost:3002/images/J1/健一咨询@2x.png"},{"text":"帮助中心","detailText":"欢迎进入=>帮助中心","imageUrl":"http://localhost:3002/images/J1/帮助中心@2x.png"},{"text":"点赞/吐槽","detailText":"欢迎进入=>点赞/吐槽","imageUrl":"http://localhost:3002/images/J1/点赞:吐槽@2x.png"},{"text":"关于健一","detailText":"欢迎进入=>关于健一","imageUrl":"http://localhost:3002/images/J1/关于健一@2x.png"}]}}
*************** response log end ***************

[2017-04-11 11:49:00.280] [INFO] resLogger - 
*************** response log start ***************
request method: GET
request originalUrl:  /api/J1/getJ1List
request client ip:  ::1
request query:  {}
response time: 1
response status: 200
response body: 
{"code":0,"message":"success","data":{"models":[{"text":"我的账户","detailText":"欢迎进入=>我的账户","imageUrl":"http://localhost:3002/images/J1/我的账户@2x.png"},{"text":"我的优惠券","detailText":"欢迎进入=>我的优惠券","imageUrl":"http://localhost:3002/images/J1/我的优惠券@2x.png"},{"text":"收货地址","detailText":"欢迎进入=>收货地址","imageUrl":"http://localhost:3002/images/J1/收货地址@2x.png"},{"text":"在线客服","detailText":"欢迎进入=>在线客服","imageUrl":"http://localhost:3002/images/J1/在线客服@2x.png"},{"text":"用药提醒","detailText":"欢迎进入=>用药提醒","imageUrl":"http://localhost:3002/images/J1/用药提醒@2x.png"},{"text":"药查查","detailText":"欢迎进入=>药查查","imageUrl":"http://localhost:3002/images/J1/药查查@2x.png"},{"text":"疾病百科","detailText":"欢迎进入=>疾病百科","imageUrl":"http://localhost:3002/images/J1/疾病百科@2x.png"},{"text":"药品百科","detailText":"欢迎进入=>药品百科","imageUrl":"http://localhost:3002/images/J1/药品百科@2x.png"},{"text":"健一咨询","detailText":"欢迎进入=>健一咨询","imageUrl":"http://localhost:3002/images/J1/健一咨询@2x.png"},{"text":"帮助中心","detailText":"欢迎进入=>帮助中心","imageUrl":"http://localhost:3002/images/J1/帮助中心@2x.png"},{"text":"点赞/吐槽","detailText":"欢迎进入=>点赞/吐槽","imageUrl":"http://localhost:3002/images/J1/点赞:吐槽@2x.png"},{"text":"关于健一","detailText":"欢迎进入=>关于健一","imageUrl":"http://localhost:3002/images/J1/关于健一@2x.png"}]}}
*************** response log end ***************

