[2017-07-27 14:25:13.299] [ERROR] errorLogger - 
*************** error log start ***************
request method: GET
request originalUrl:  /api/J1/getRouters
request client ip:  ::1
request query:  {}
response time: 1
err name: ReferenceError
err message: Routers is not defined
err stack: ReferenceError: Routers is not defined
    at /Users/zhushuangquan/Native Drive/GitHub/coderZsq.target.swift/RouterPattern/server/RouterPattern/app/controllers/J1.js:3:25
    at next (native)
    at step (/Users/zhushuangquan/Native Drive/GitHub/coderZsq.target.swift/RouterPattern/server/RouterPattern/app/controllers/J1.js:3:191)
    at /Users/zhushuangquan/Native Drive/GitHub/coderZsq.target.swift/RouterPattern/server/RouterPattern/app/controllers/J1.js:3:437
    at /Users/zhushuangquan/Native Drive/GitHub/coderZsq.target.swift/RouterPattern/server/RouterPattern/app/controllers/J1.js:3:99
    at exports.getRouters (/Users/zhushuangquan/Native Drive/GitHub/coderZsq.target.swift/RouterPattern/server/RouterPattern/app/controllers/J1.js:1:1)
    at dispatch (/Users/zhushuangquan/Native Drive/GitHub/coderZsq.target.swift/RouterPattern/server/RouterPattern/node_modules/koa-compose/index.js:44:32)
    at next (/Users/zhushuangquan/Native Drive/GitHub/coderZsq.target.swift/RouterPattern/server/RouterPattern/node_modules/koa-compose/index.js:45:18)
    at /Users/zhushuangquan/Native Drive/GitHub/coderZsq.target.swift/RouterPattern/server/RouterPattern/node_modules/koa-router/lib/router.js:326:16
    at dispatch (/Users/zhushuangquan/Native Drive/GitHub/coderZsq.target.swift/RouterPattern/server/RouterPattern/node_modules/koa-compose/index.js:44:32)
    at next (/Users/zhushuangquan/Native Drive/GitHub/coderZsq.target.swift/RouterPattern/server/RouterPattern/node_modules/koa-compose/index.js:45:18)
    at allowedMethods (/Users/zhushuangquan/Native Drive/GitHub/coderZsq.target.swift/RouterPattern/server/RouterPattern/node_modules/koa-router/lib/router.js:366:12)
    at dispatch (/Users/zhushuangquan/Native Drive/GitHub/coderZsq.target.swift/RouterPattern/server/RouterPattern/node_modules/koa-compose/index.js:44:32)
    at next (/Users/zhushuangquan/Native Drive/GitHub/coderZsq.target.swift/RouterPattern/server/RouterPattern/node_modules/koa-compose/index.js:45:18)
    at /Users/zhushuangquan/Native Drive/GitHub/coderZsq.target.swift/RouterPattern/server/RouterPattern/node_modules/koa-router/lib/router.js:326:16
    at dispatch (/Users/zhushuangquan/Native Drive/GitHub/coderZsq.target.swift/RouterPattern/server/RouterPattern/node_modules/koa-compose/index.js:44:32)
*************** error log end ***************

[2017-07-27 14:25:15.151] [ERROR] errorLogger - 
*************** error log start ***************
request method: GET
request originalUrl:  /api/J1/getRouters
request client ip:  ::1
request query:  {}
response time: 0
err name: ReferenceError
err message: Routers is not defined
err stack: ReferenceError: Routers is not defined
    at /Users/zhushuangquan/Native Drive/GitHub/coderZsq.target.swift/RouterPattern/server/RouterPattern/app/controllers/J1.js:3:25
    at next (native)
    at step (/Users/zhushuangquan/Native Drive/GitHub/coderZsq.target.swift/RouterPattern/server/RouterPattern/app/controllers/J1.js:3:191)
    at /Users/zhushuangquan/Native Drive/GitHub/coderZsq.target.swift/RouterPattern/server/RouterPattern/app/controllers/J1.js:3:437
    at /Users/zhushuangquan/Native Drive/GitHub/coderZsq.target.swift/RouterPattern/server/RouterPattern/app/controllers/J1.js:3:99
    at exports.getRouters (/Users/zhushuangquan/Native Drive/GitHub/coderZsq.target.swift/RouterPattern/server/RouterPattern/app/controllers/J1.js:1:1)
    at dispatch (/Users/zhushuangquan/Native Drive/GitHub/coderZsq.target.swift/RouterPattern/server/RouterPattern/node_modules/koa-compose/index.js:44:32)
    at next (/Users/zhushuangquan/Native Drive/GitHub/coderZsq.target.swift/RouterPattern/server/RouterPattern/node_modules/koa-compose/index.js:45:18)
    at /Users/zhushuangquan/Native Drive/GitHub/coderZsq.target.swift/RouterPattern/server/RouterPattern/node_modules/koa-router/lib/router.js:326:16
    at dispatch (/Users/zhushuangquan/Native Drive/GitHub/coderZsq.target.swift/RouterPattern/server/RouterPattern/node_modules/koa-compose/index.js:44:32)
    at next (/Users/zhushuangquan/Native Drive/GitHub/coderZsq.target.swift/RouterPattern/server/RouterPattern/node_modules/koa-compose/index.js:45:18)
    at allowedMethods (/Users/zhushuangquan/Native Drive/GitHub/coderZsq.target.swift/RouterPattern/server/RouterPattern/node_modules/koa-router/lib/router.js:366:12)
    at dispatch (/Users/zhushuangquan/Native Drive/GitHub/coderZsq.target.swift/RouterPattern/server/RouterPattern/node_modules/koa-compose/index.js:44:32)
    at next (/Users/zhushuangquan/Native Drive/GitHub/coderZsq.target.swift/RouterPattern/server/RouterPattern/node_modules/koa-compose/index.js:45:18)
    at /Users/zhushuangquan/Native Drive/GitHub/coderZsq.target.swift/RouterPattern/server/RouterPattern/node_modules/koa-router/lib/router.js:326:16
    at dispatch (/Users/zhushuangquan/Native Drive/GitHub/coderZsq.target.swift/RouterPattern/server/RouterPattern/node_modules/koa-compose/index.js:44:32)
*************** error log end ***************

[2017-07-27 14:25:37.063] [ERROR] errorLogger - 
*************** error log start ***************
request method: GET
request originalUrl:  /api/J1/getRouters
request client ip:  ::1
request query:  {}
response time: 0
err name: ReferenceError
err message: Routers is not defined
err stack: ReferenceError: Routers is not defined
    at /Users/zhushuangquan/Native Drive/GitHub/coderZsq.target.swift/RouterPattern/server/RouterPattern/app/controllers/J1.js:3:25
    at next (native)
    at step (/Users/zhushuangquan/Native Drive/GitHub/coderZsq.target.swift/RouterPattern/server/RouterPattern/app/controllers/J1.js:3:191)
    at /Users/zhushuangquan/Native Drive/GitHub/coderZsq.target.swift/RouterPattern/server/RouterPattern/app/controllers/J1.js:3:437
    at /Users/zhushuangquan/Native Drive/GitHub/coderZsq.target.swift/RouterPattern/server/RouterPattern/app/controllers/J1.js:3:99
    at exports.getRouters (/Users/zhushuangquan/Native Drive/GitHub/coderZsq.target.swift/RouterPattern/server/RouterPattern/app/controllers/J1.js:1:1)
    at dispatch (/Users/zhushuangquan/Native Drive/GitHub/coderZsq.target.swift/RouterPattern/server/RouterPattern/node_modules/koa-compose/index.js:44:32)
    at next (/Users/zhushuangquan/Native Drive/GitHub/coderZsq.target.swift/RouterPattern/server/RouterPattern/node_modules/koa-compose/index.js:45:18)
    at /Users/zhushuangquan/Native Drive/GitHub/coderZsq.target.swift/RouterPattern/server/RouterPattern/node_modules/koa-router/lib/router.js:326:16
    at dispatch (/Users/zhushuangquan/Native Drive/GitHub/coderZsq.target.swift/RouterPattern/server/RouterPattern/node_modules/koa-compose/index.js:44:32)
    at next (/Users/zhushuangquan/Native Drive/GitHub/coderZsq.target.swift/RouterPattern/server/RouterPattern/node_modules/koa-compose/index.js:45:18)
    at allowedMethods (/Users/zhushuangquan/Native Drive/GitHub/coderZsq.target.swift/RouterPattern/server/RouterPattern/node_modules/koa-router/lib/router.js:366:12)
    at dispatch (/Users/zhushuangquan/Native Drive/GitHub/coderZsq.target.swift/RouterPattern/server/RouterPattern/node_modules/koa-compose/index.js:44:32)
    at next (/Users/zhushuangquan/Native Drive/GitHub/coderZsq.target.swift/RouterPattern/server/RouterPattern/node_modules/koa-compose/index.js:45:18)
    at /Users/zhushuangquan/Native Drive/GitHub/coderZsq.target.swift/RouterPattern/server/RouterPattern/node_modules/koa-router/lib/router.js:326:16
    at dispatch (/Users/zhushuangquan/Native Drive/GitHub/coderZsq.target.swift/RouterPattern/server/RouterPattern/node_modules/koa-compose/index.js:44:32)
*************** error log end ***************

[2017-07-27 14:25:38.100] [ERROR] errorLogger - 
*************** error log start ***************
request method: GET
request originalUrl:  /api/J1/getRouters
request client ip:  ::1
request query:  {}
response time: 0
err name: ReferenceError
err message: Routers is not defined
err stack: ReferenceError: Routers is not defined
    at /Users/zhushuangquan/Native Drive/GitHub/coderZsq.target.swift/RouterPattern/server/RouterPattern/app/controllers/J1.js:3:25
    at next (native)
    at step (/Users/zhushuangquan/Native Drive/GitHub/coderZsq.target.swift/RouterPattern/server/RouterPattern/app/controllers/J1.js:3:191)
    at /Users/zhushuangquan/Native Drive/GitHub/coderZsq.target.swift/RouterPattern/server/RouterPattern/app/controllers/J1.js:3:437
    at /Users/zhushuangquan/Native Drive/GitHub/coderZsq.target.swift/RouterPattern/server/RouterPattern/app/controllers/J1.js:3:99
    at exports.getRouters (/Users/zhushuangquan/Native Drive/GitHub/coderZsq.target.swift/RouterPattern/server/RouterPattern/app/controllers/J1.js:1:1)
    at dispatch (/Users/zhushuangquan/Native Drive/GitHub/coderZsq.target.swift/RouterPattern/server/RouterPattern/node_modules/koa-compose/index.js:44:32)
    at next (/Users/zhushuangquan/Native Drive/GitHub/coderZsq.target.swift/RouterPattern/server/RouterPattern/node_modules/koa-compose/index.js:45:18)
    at /Users/zhushuangquan/Native Drive/GitHub/coderZsq.target.swift/RouterPattern/server/RouterPattern/node_modules/koa-router/lib/router.js:326:16
    at dispatch (/Users/zhushuangquan/Native Drive/GitHub/coderZsq.target.swift/RouterPattern/server/RouterPattern/node_modules/koa-compose/index.js:44:32)
    at next (/Users/zhushuangquan/Native Drive/GitHub/coderZsq.target.swift/RouterPattern/server/RouterPattern/node_modules/koa-compose/index.js:45:18)
    at allowedMethods (/Users/zhushuangquan/Native Drive/GitHub/coderZsq.target.swift/RouterPattern/server/RouterPattern/node_modules/koa-router/lib/router.js:366:12)
    at dispatch (/Users/zhushuangquan/Native Drive/GitHub/coderZsq.target.swift/RouterPattern/server/RouterPattern/node_modules/koa-compose/index.js:44:32)
    at next (/Users/zhushuangquan/Native Drive/GitHub/coderZsq.target.swift/RouterPattern/server/RouterPattern/node_modules/koa-compose/index.js:45:18)
    at /Users/zhushuangquan/Native Drive/GitHub/coderZsq.target.swift/RouterPattern/server/RouterPattern/node_modules/koa-router/lib/router.js:326:16
    at dispatch (/Users/zhushuangquan/Native Drive/GitHub/coderZsq.target.swift/RouterPattern/server/RouterPattern/node_modules/koa-compose/index.js:44:32)
*************** error log end ***************

[2017-07-27 14:27:24.735] [ERROR] errorLogger - 
*************** error log start ***************
request method: GET
request originalUrl:  /api/J1/getRouters
request client ip:  ::1
request query:  {}
response time: 0
err name: ReferenceError
err message: Routers is not defined
err stack: ReferenceError: Routers is not defined
    at /Users/zhushuangquan/Native Drive/GitHub/coderZsq.target.swift/RouterPattern/server/RouterPattern/app/controllers/J1.js:3:25
    at next (native)
    at step (/Users/zhushuangquan/Native Drive/GitHub/coderZsq.target.swift/RouterPattern/server/RouterPattern/app/controllers/J1.js:3:191)
    at /Users/zhushuangquan/Native Drive/GitHub/coderZsq.target.swift/RouterPattern/server/RouterPattern/app/controllers/J1.js:3:437
    at /Users/zhushuangquan/Native Drive/GitHub/coderZsq.target.swift/RouterPattern/server/RouterPattern/app/controllers/J1.js:3:99
    at exports.getRouters (/Users/zhushuangquan/Native Drive/GitHub/coderZsq.target.swift/RouterPattern/server/RouterPattern/app/controllers/J1.js:1:1)
    at dispatch (/Users/zhushuangquan/Native Drive/GitHub/coderZsq.target.swift/RouterPattern/server/RouterPattern/node_modules/koa-compose/index.js:44:32)
    at next (/Users/zhushuangquan/Native Drive/GitHub/coderZsq.target.swift/RouterPattern/server/RouterPattern/node_modules/koa-compose/index.js:45:18)
    at /Users/zhushuangquan/Native Drive/GitHub/coderZsq.target.swift/RouterPattern/server/RouterPattern/node_modules/koa-router/lib/router.js:326:16
    at dispatch (/Users/zhushuangquan/Native Drive/GitHub/coderZsq.target.swift/RouterPattern/server/RouterPattern/node_modules/koa-compose/index.js:44:32)
    at next (/Users/zhushuangquan/Native Drive/GitHub/coderZsq.target.swift/RouterPattern/server/RouterPattern/node_modules/koa-compose/index.js:45:18)
    at allowedMethods (/Users/zhushuangquan/Native Drive/GitHub/coderZsq.target.swift/RouterPattern/server/RouterPattern/node_modules/koa-router/lib/router.js:366:12)
    at dispatch (/Users/zhushuangquan/Native Drive/GitHub/coderZsq.target.swift/RouterPattern/server/RouterPattern/node_modules/koa-compose/index.js:44:32)
    at next (/Users/zhushuangquan/Native Drive/GitHub/coderZsq.target.swift/RouterPattern/server/RouterPattern/node_modules/koa-compose/index.js:45:18)
    at /Users/zhushuangquan/Native Drive/GitHub/coderZsq.target.swift/RouterPattern/server/RouterPattern/node_modules/koa-router/lib/router.js:326:16
    at dispatch (/Users/zhushuangquan/Native Drive/GitHub/coderZsq.target.swift/RouterPattern/server/RouterPattern/node_modules/koa-compose/index.js:44:32)
*************** error log end ***************

[2017-07-27 14:32:30.296] [ERROR] errorLogger - 
*************** error log start ***************
request method: GET
request originalUrl:  /api/J1/getRouters
request client ip:  ::1
request query:  {}
response time: 1
err name: ReferenceError
err message: Routers is not defined
err stack: ReferenceError: Routers is not defined
    at /Users/zhushuangquan/Native Drive/GitHub/coderZsq.target.swift/RouterPattern/server/RouterPattern/app/controllers/J1.js:3:25
    at next (native)
    at step (/Users/zhushuangquan/Native Drive/GitHub/coderZsq.target.swift/RouterPattern/server/RouterPattern/app/controllers/J1.js:3:191)
    at /Users/zhushuangquan/Native Drive/GitHub/coderZsq.target.swift/RouterPattern/server/RouterPattern/app/controllers/J1.js:3:437
    at /Users/zhushuangquan/Native Drive/GitHub/coderZsq.target.swift/RouterPattern/server/RouterPattern/app/controllers/J1.js:3:99
    at exports.getRouters (/Users/zhushuangquan/Native Drive/GitHub/coderZsq.target.swift/RouterPattern/server/RouterPattern/app/controllers/J1.js:1:1)
    at dispatch (/Users/zhushuangquan/Native Drive/GitHub/coderZsq.target.swift/RouterPattern/server/RouterPattern/node_modules/koa-compose/index.js:44:32)
    at next (/Users/zhushuangquan/Native Drive/GitHub/coderZsq.target.swift/RouterPattern/server/RouterPattern/node_modules/koa-compose/index.js:45:18)
    at /Users/zhushuangquan/Native Drive/GitHub/coderZsq.target.swift/RouterPattern/server/RouterPattern/node_modules/koa-router/lib/router.js:326:16
    at dispatch (/Users/zhushuangquan/Native Drive/GitHub/coderZsq.target.swift/RouterPattern/server/RouterPattern/node_modules/koa-compose/index.js:44:32)
    at next (/Users/zhushuangquan/Native Drive/GitHub/coderZsq.target.swift/RouterPattern/server/RouterPattern/node_modules/koa-compose/index.js:45:18)
    at allowedMethods (/Users/zhushuangquan/Native Drive/GitHub/coderZsq.target.swift/RouterPattern/server/RouterPattern/node_modules/koa-router/lib/router.js:366:12)
    at dispatch (/Users/zhushuangquan/Native Drive/GitHub/coderZsq.target.swift/RouterPattern/server/RouterPattern/node_modules/koa-compose/index.js:44:32)
    at next (/Users/zhushuangquan/Native Drive/GitHub/coderZsq.target.swift/RouterPattern/server/RouterPattern/node_modules/koa-compose/index.js:45:18)
    at /Users/zhushuangquan/Native Drive/GitHub/coderZsq.target.swift/RouterPattern/server/RouterPattern/node_modules/koa-router/lib/router.js:326:16
    at dispatch (/Users/zhushuangquan/Native Drive/GitHub/coderZsq.target.swift/RouterPattern/server/RouterPattern/node_modules/koa-compose/index.js:44:32)
*************** error log end ***************

[2017-07-27 14:32:48.516] [ERROR] errorLogger - 
*************** error log start ***************
request method: GET
request originalUrl:  /api/J1/getRouters
request client ip:  ::1
request query:  {}
response time: 0
err name: ReferenceError
err message: Routers is not defined
err stack: ReferenceError: Routers is not defined
    at /Users/zhushuangquan/Native Drive/GitHub/coderZsq.target.swift/RouterPattern/server/RouterPattern/app/controllers/J1.js:3:25
    at next (native)
    at step (/Users/zhushuangquan/Native Drive/GitHub/coderZsq.target.swift/RouterPattern/server/RouterPattern/app/controllers/J1.js:3:191)
    at /Users/zhushuangquan/Native Drive/GitHub/coderZsq.target.swift/RouterPattern/server/RouterPattern/app/controllers/J1.js:3:437
    at /Users/zhushuangquan/Native Drive/GitHub/coderZsq.target.swift/RouterPattern/server/RouterPattern/app/controllers/J1.js:3:99
    at exports.getRouters (/Users/zhushuangquan/Native Drive/GitHub/coderZsq.target.swift/RouterPattern/server/RouterPattern/app/controllers/J1.js:1:1)
    at dispatch (/Users/zhushuangquan/Native Drive/GitHub/coderZsq.target.swift/RouterPattern/server/RouterPattern/node_modules/koa-compose/index.js:44:32)
    at next (/Users/zhushuangquan/Native Drive/GitHub/coderZsq.target.swift/RouterPattern/server/RouterPattern/node_modules/koa-compose/index.js:45:18)
    at /Users/zhushuangquan/Native Drive/GitHub/coderZsq.target.swift/RouterPattern/server/RouterPattern/node_modules/koa-router/lib/router.js:326:16
    at dispatch (/Users/zhushuangquan/Native Drive/GitHub/coderZsq.target.swift/RouterPattern/server/RouterPattern/node_modules/koa-compose/index.js:44:32)
    at next (/Users/zhushuangquan/Native Drive/GitHub/coderZsq.target.swift/RouterPattern/server/RouterPattern/node_modules/koa-compose/index.js:45:18)
    at allowedMethods (/Users/zhushuangquan/Native Drive/GitHub/coderZsq.target.swift/RouterPattern/server/RouterPattern/node_modules/koa-router/lib/router.js:366:12)
    at dispatch (/Users/zhushuangquan/Native Drive/GitHub/coderZsq.target.swift/RouterPattern/server/RouterPattern/node_modules/koa-compose/index.js:44:32)
    at next (/Users/zhushuangquan/Native Drive/GitHub/coderZsq.target.swift/RouterPattern/server/RouterPattern/node_modules/koa-compose/index.js:45:18)
    at /Users/zhushuangquan/Native Drive/GitHub/coderZsq.target.swift/RouterPattern/server/RouterPattern/node_modules/koa-router/lib/router.js:326:16
    at dispatch (/Users/zhushuangquan/Native Drive/GitHub/coderZsq.target.swift/RouterPattern/server/RouterPattern/node_modules/koa-compose/index.js:44:32)
*************** error log end ***************

[2017-07-27 14:32:49.224] [ERROR] errorLogger - 
*************** error log start ***************
request method: GET
request originalUrl:  /api/J1/getRouters
request client ip:  ::1
request query:  {}
response time: 0
err name: ReferenceError
err message: Routers is not defined
err stack: ReferenceError: Routers is not defined
    at /Users/zhushuangquan/Native Drive/GitHub/coderZsq.target.swift/RouterPattern/server/RouterPattern/app/controllers/J1.js:3:25
    at next (native)
    at step (/Users/zhushuangquan/Native Drive/GitHub/coderZsq.target.swift/RouterPattern/server/RouterPattern/app/controllers/J1.js:3:191)
    at /Users/zhushuangquan/Native Drive/GitHub/coderZsq.target.swift/RouterPattern/server/RouterPattern/app/controllers/J1.js:3:437
    at /Users/zhushuangquan/Native Drive/GitHub/coderZsq.target.swift/RouterPattern/server/RouterPattern/app/controllers/J1.js:3:99
    at exports.getRouters (/Users/zhushuangquan/Native Drive/GitHub/coderZsq.target.swift/RouterPattern/server/RouterPattern/app/controllers/J1.js:1:1)
    at dispatch (/Users/zhushuangquan/Native Drive/GitHub/coderZsq.target.swift/RouterPattern/server/RouterPattern/node_modules/koa-compose/index.js:44:32)
    at next (/Users/zhushuangquan/Native Drive/GitHub/coderZsq.target.swift/RouterPattern/server/RouterPattern/node_modules/koa-compose/index.js:45:18)
    at /Users/zhushuangquan/Native Drive/GitHub/coderZsq.target.swift/RouterPattern/server/RouterPattern/node_modules/koa-router/lib/router.js:326:16
    at dispatch (/Users/zhushuangquan/Native Drive/GitHub/coderZsq.target.swift/RouterPattern/server/RouterPattern/node_modules/koa-compose/index.js:44:32)
    at next (/Users/zhushuangquan/Native Drive/GitHub/coderZsq.target.swift/RouterPattern/server/RouterPattern/node_modules/koa-compose/index.js:45:18)
    at allowedMethods (/Users/zhushuangquan/Native Drive/GitHub/coderZsq.target.swift/RouterPattern/server/RouterPattern/node_modules/koa-router/lib/router.js:366:12)
    at dispatch (/Users/zhushuangquan/Native Drive/GitHub/coderZsq.target.swift/RouterPattern/server/RouterPattern/node_modules/koa-compose/index.js:44:32)
    at next (/Users/zhushuangquan/Native Drive/GitHub/coderZsq.target.swift/RouterPattern/server/RouterPattern/node_modules/koa-compose/index.js:45:18)
    at /Users/zhushuangquan/Native Drive/GitHub/coderZsq.target.swift/RouterPattern/server/RouterPattern/node_modules/koa-router/lib/router.js:326:16
    at dispatch (/Users/zhushuangquan/Native Drive/GitHub/coderZsq.target.swift/RouterPattern/server/RouterPattern/node_modules/koa-compose/index.js:44:32)
*************** error log end ***************

